1625244650242	geckodriver	INFO	Listening on 127.0.0.1:5018
1625244653188	mozrunner::runner	INFO	Running command: "C:\\Program Files\\Mozilla Firefox\\firefox.exe" "--marionette" "-foreground" "-no-remote" "-profile" "C:\\Users\\aliakbar\\AppData\\Local\\Temp\\rust_mozprofileyPl40j"
1625244659592	Marionette	INFO	Marionette enabled
console.warn: SearchSettings: "get: No settings file exists, new profile?" (new NotFoundError("Could not open the file at C:\\Users\\aliakbar\\AppData\\Local\\Temp\\rust_mozprofileyPl40j\\search.json.mozlz4", (void 0)))
1625244671315	Marionette	INFO	Listening on port 5027
1625244671682	Marionette	WARN	TLS certificate errors will be ignored for this session
JavaScript warning: https://web.whatsapp.com/bootstrap_qr.e002978cf4688a3eaf75.js, line 19: unreachable code after return statement
JavaScript warning: https://web.whatsapp.com/bootstrap_qr.e002978cf4688a3eaf75.js, line 19: unreachable code after return statement
JavaScript error: resource://gre/modules/CrashMonitor.jsm, line 201: AbortError: IOUtils: Shutting down and refusing additional I/O tasks
1625244793448	Marionette	INFO	Stopped listening on port 5027
te" "-profile" "C:\\Users\\aliakbar\\AppData\\Local\\Temp\\rust_mozprofileoDVUfn"
1625244783375	Marionette	INFO	Marionette enabled
console.warn: SearchSettings: "get: No settings file exists, new profile?" (new NotFoundError("Could not open the file at C:\\Users\\aliakbar\\AppData\\Local\\Temp\\rust_mozprofileoDVUfn\\search.json.mozlz4", (void 0)))
1625244791693	Marionette	INFO	Listening on port 5148
console.error: Region.jsm: "Error fetching region" (new Error("TIMEOUT", "resource://gre/modules/Region.jsm", 772))
console.error: Region.jsm: "Failed to fetch region" (new Error("TIMEOUT", "resource://gre/modules/Region.jsm", 419))
1625244792431	Marionette	WARN	TLS certificate errors will be ignored for this session
JavaScript warning: https://web.whatsapp.com/bootstrap_qr.e002978cf4688a3eaf75.js, line 19: unreachable code after return statement
JavaScript warning: https://web.whatsapp.com/bootstrap_qr.e002978cf4688a3eaf75.js, line 19: unreachable code after return statement

###!!! [Child][MessageChannel] Error: (msgtype=0xAB0006,name=PWebSocket::Msg_DeleteSelf) Channel closing: too late to send/recv, messages will be lost

1625244894973	Marionette	INFO	Stopped listening on port 5148

###!!! [Child][RunMessage] Error: Channel closing: too late to send/recv, messages will be lost

1625244897357	geckodriver	INFO	Listening on 127.0.0.1:5293
1625244900330	mozrunner::runner	INFO	Running command: "C:\\Program Files\\Mozilla Firefox\\firefox.exe" "--marionette" "-foreground" "-no-remote" "-profile" "C:\\Users\\aliakbar\\AppData\\Local\\Temp\\rust_mozprofileKE0eOM"
1625244902527	Marionette	INFO	Marionette enabled
console.warn: SearchSettings: "get: No settings file exists, new profile?" (new NotFoundError("Could not open the file at C:\\Users\\aliakbar\\AppData\\Local\\Temp\\rust_mozprofileKE0eOM\\search.json.mozlz4", (void 0)))
1625244907195	Marionette	INFO	Listening on port 5303
1625244908599	Marionette	WARN	TLS certificate errors will be ignored for this session
JavaScript warning: https://web.whatsapp.com/bootstrap_qr.e002978cf4688a3eaf75.js, line 19: unreachable code after return statement
JavaScript warning: https://web.whatsapp.com/bootstrap_qr.e002978cf4688a3eaf75.js, line 19: unreachable code after return statement
JavaScript error: resource://devtools/client/framework/toolbox.js, line 1947: TypeError: currentPanel is undefined
console.warn: "Inspector destroyed while executing onReflow callback"
1625245039441	Marionette	INFO	Stopped listening on port 5303
1625245164521	geckodriver	INFO	Listening on 127.0.0.1:5595
1625245167735	mozrunner::runner	INFO	Running command: "C:\\Program Files\\Mozilla Firefox\\firefox.exe" "--marionette" "-foreground" "-no-remote" "-profile" "C:\\Users\\aliakbar\\AppData\\Local\\Temp\\rust_mozprofile1b2ssP"
1625245173069	Marionette	INFO	Marionette enabled
console.warn: SearchSettings: "get: No settings file exists, new profile?" (new NotFoundError("Could not open the file at C:\\Users\\aliakbar\\AppData\\Local\\Temp\\rust_mozprofile1b2ssP\\search.json.mozlz4", (void 0)))
1625245179794	Marionette	INFO	Listening on port 5604
1625245179877	Marionette	WARN	TLS certificate errors will be ignored for this session
JavaScript warning: https://web.whatsapp.com/bootstrap_qr.e002978cf4688a3eaf75.js, line 19: unreachable code after return statement
JavaScript warning: https://web.whatsapp.com/bootstrap_qr.e002978cf4688a3eaf75.js, line 19: unreachable code after return statement
1625245245308	Marionette	INFO	Stopped listening on port 5604
1625245319571	geckodriver	INFO	Listening on 127.0.0.1:5719
1625245322584	mozrunner::runner	INFO	Running command: "C:\\Program Files\\Mozilla Firefox\\firefox.exe" "--marionette" "-foreground" "-no-remote" "-profile" "C:\\Users\\aliakbar\\AppData\\Local\\Temp\\rust_mozprofilejTE2FC"
1625245323471	Marionette	INFO	Marionette enabled
console.warn: SearchSettings: "get: No settings file exists, new profile?" (new NotFoundError("Could not open the file at C:\\Users\\aliakbar\\AppData\\Local\\Temp\\rust_mozprofilejTE2FC\\search.json.mozlz4", (void 0)))
1625245327787	Marionette	INFO	Listening on port 5727
1625245328213	Marionette	WARN	TLS certificate errors will be ignored for this session
JavaScript warning: https://web.whatsapp.com/bootstrap_qr.e002978cf4688a3eaf75.js, line 19: unreachable code after return statement
JavaScript warning: https://web.whatsapp.com/bootstrap_qr.e002978cf4688a3eaf75.js, line 19: unreachable code after return statement

###!!! [Parent][MessageChannel] Error: (msgtype=0x1F0011,name=PBackgroundStorage::Msg_Observe) Channel error: cannot send/recv


###!!! [Parent][MessageChannel] Error: (msgtype=0x1F0011,name=PBackgroundStorage::Msg_Observe) Channel error: cannot send/recv

1625245389334	Marionette	INFO	Stopped listening on port 5727
1625245405176	geckodriver	INFO	Listening on 127.0.0.1:5817
1625245408099	mozrunner::runner	INFO	Running command: "C:\\Program Files\\Mozilla Firefox\\firefox.exe" "--marionette" "-foreground" "-no-remote" "-profile" "C:\\Users\\aliakbar\\AppData\\Local\\Temp\\rust_mozprofilezRsV58"
1625245409981	Marionette	INFO	Marionette enabled
console.warn: SearchSettings: "get: No settings file exists, new profile?" (new NotFoundError("Could not open the file at C:\\Users\\aliakbar\\AppData\\Local\\Temp\\rust_mozprofilezRsV58\\search.json.mozlz4", (void 0)))
1625245413673	Marionette	INFO	Listening on port 5825
1625245414332	Marionette	WARN	TLS certificate errors will be ignored for this session
JavaScript warning: https://web.whatsapp.com/bootstrap_qr.e002978cf4688a3eaf75.js, line 19: unreachable code after return statement
JavaScript warning: https://web.whatsapp.com/bootstrap_qr.e002978cf4688a3eaf75.js, line 19: unreachable code after return statement
JavaScript error: resource://gre/modules/Sqlite.jsm, line 1030: Error: Sqlite.jsm has been shutdown. Cannot open connection to: C:\Users\aliakbar\AppData\Local\Temp\rust_mozprofilezRsV58\protections.sqlite
1625245463578	Marionette	INFO	Stopped listening on port 5825
1627717346652	geckodriver	INFO	Listening on 127.0.0.1:6297
1627717349769	mozrunner::runner	INFO	Running command: "C:\\Program Files\\Mozilla Firefox\\firefox.exe" "--marionette" "-foreground" "-no-remote" "-profile" "C:\\Users\\aliakbar\\AppData\\Local\\Temp\\rust_mozprofile9a7i01"
1627717356853	Marionette	INFO	Marionette enabled
console.warn: SearchSettings: "get: No settings file exists, new profile?" (new NotFoundError("Could not open the file at C:\\Users\\aliakbar\\AppData\\Local\\Temp\\rust_mozprofile9a7i01\\search.json.mozlz4", (void 0)))
console.error: Region.jsm: "Error fetching region" (new Error("TIMEOUT", "resource://gre/modules/Region.jsm", 772))
console.error: Region.jsm: "Failed to fetch region" (new Error("TIMEOUT", "resource://gre/modules/Region.jsm", 419))
[Parent 3168, IPC I/O Parent] WARNING: file /builds/worker/checkouts/gecko/ipc/chromium/src/base/process_util_win.cc:167
1627717383503	Marionette	INFO	Listening on port 6305
1627717384864	Marionette	WARN	TLS certificate errors will be ignored for this session
JavaScript warning: https://web.whatsapp.com/bootstrap_qr.f61502d6311fd24214d7.js, line 19: unreachable code after return statement
JavaScript warning: https://web.whatsapp.com/bootstrap_qr.f61502d6311fd24214d7.js, line 19: unreachable code after return statement
1627717458794	Marionette	INFO	Stopped listening on port 6305
1628782452272	geckodriver	INFO	Listening on 127.0.0.1:2483
1628782455449	mozrunner::runner	INFO	Running command: "C:\\Program Files\\Mozilla Firefox\\firefox.exe" "--marionette" "-foreground" "-no-remote" "-profile" "C:\\Users\\aliakbar\\AppData\\Local\\Temp\\rust_mozprofilehURzFN"
1628782462523	Marionette	INFO	Marionette enabled
console.warn: SearchSettings: "get: No settings file exists, new profile?" (new NotFoundError("Could not open the file at C:\\Users\\aliakbar\\AppData\\Local\\Temp\\rust_mozprofilehURzFN\\search.json.mozlz4", (void 0)))
console.error: Region.jsm: "Error fetching region" (new AbortError("The operation was aborted. ", (void 0), 770))
console.error: Region.jsm: "Failed to fetch region" (new Error("NO_RESULT", "resource://gre/modules/Region.jsm", 419))
1628782475467	Marionette	INFO	Listening on port 2491
1628782475977	Marionette	WARN	TLS certificate errors will be ignored for this session
JavaScript warning: https://web.whatsapp.com/bootstrap_qr.bc386689689a4903e068.js, line 29: unreachable code after return statement
JavaScript warning: https://web.whatsapp.com/bootstrap_qr.bc386689689a4903e068.js, line 29: unreachable code after return statement

###!!! [Parent][RunMessage] Error: Channel closing: too late to send/recv, messages will be lost


###!!! [Parent][RunMessage] Error: Channel closing: too late to send/recv, messages will be lost


###!!! [Parent][RunMessage] Error: Channel closing: too late to send/recv, messages will be lost


###!!! [Parent][RunMessage] Error: Channel closing: too late to send/recv, messages will be lost


###!!! [Parent][RunMessage] Error: Channel closing: too late to send/recv, messages will be lost


###!!! [Parent][RunMessage] Error: Channel closing: too late to send/recv, messages will be lost


###!!! [Parent][RunMessage] Error: Channel closing: too late to send/recv, messages will be lost


###!!! [Parent][RunMessage] Error: Channel closing: too late to send/recv, messages will be lost


###!!! [Parent][RunMessage] Error: Channel closing: too late to send/recv, messages will be lost


###!!! [Parent][RunMessage] Error: Channel closing: too late to send/recv, messages will be lost


###!!! [Parent][RunMessage] Error: Channel closing: too late to send/recv, messages will be lost


###!!! [Parent][RunMessage] Error: Channel closing: too late to send/recv, messages will be lost


###!!! [Parent][RunMessage] Error: Channel closing: too late to send/recv, messages will be lost


###!!! [Parent][RunMessage] Error: Channel closing: too late to send/recv, messages will be lost


###!!! [Parent][RunMessage] Error: Channel closing: too late to send/recv, messages will be lost


###!!! [Parent][RunMessage] Error: Channel closing: too late to send/recv, messages will be lost

1628783082541	addons.xpi	ERROR	Failed to download system add-on reset-search-defaults@mozilla.com: Error: Failed downloading via XHR, status: 0, reason: error(resource://gre/modules/addons/ProductAddonChecker.jsm:244:16) JS Stack trace: fail@ProductAddonChecker.jsm:244:16
console.error: services.settings: 
  Message: TypeError: NetworkError when attempting to fetch resource.
console.warn: services.settings: blocklists/addons-bloomfilters sync interrupted by shutdown
console.warn: services.settings: main/normandy-recipes-capabilities sync interrupted by shutdown
1628783085054	Marionette	INFO	Stopped listening on port 2491
RN	TLS certificate errors will be ignored for this session
JavaScript warning: https://web.whatsapp.com/bootstrap_qr.bc386689689a4903e068.js, line 29: unreachable code after return statement
JavaScript warning: https://web.whatsapp.com/bootstrap_qr.bc386689689a4903e068.js, line 29: unreachable code after return statement
Handler function threw an exception: [Exception... "Component returned failure code: 0x80040111 (NS_ERROR_NOT_AVAILABLE) [nsIHttpChannelInternal.remoteAddress]"  nsresult: "0x80040111 (NS_ERROR_NOT_AVAILABLE)"  location: "JS frame :: resource://devtools/server/actors/network-monitor/network-observer.js :: _onResponseHeader :: line 1043"  data: no]
Stack: _onResponseHeader@resource://devtools/server/actors/network-monitor/network-observer.js:1043:5
_dispatchActivity@resource://devtools/server/actors/network-monitor/network-observer.js:620:14
NetworkObserver.prototype.observeActivity<@resource://devtools/server/actors/network-monitor/network-observer.js:729:12
exports.makeInfallible/<@resource://devtools/shared/ThreadSafeDevToolsUtils.js:103:22
Line: 1043, column: 0
console.error: ({})
Handler function threw an exception: TypeError: undefined has no properties
Stack: _getWaitTiming@resource://devtools/server/actors/network-monitor/network-observer.js:1142:1
_setupHarTimings@resource://devtools/server/actors/network-monitor/network-observer.js:1367:28
_onTransactionClose@resource://devtools/server/actors/network-monitor/network-observer.js:1090:27
_dispatchActivity@resource://devtools/server/actors/network-monitor/network-observer.js:623:14
NetworkObserver.prototype.observeActivity<@resource://devtools/server/actors/network-monitor/network-observer.js:729:12
exports.makeInfallible/<@resource://devtools/shared/ThreadSafeDevToolsUtils.js:103:22
Line: 1142, column: 1
console.error: (new TypeError("undefined has no properties", "resource://devtools/server/actors/network-monitor/network-observer.js", 1142))
console.error: (new TypeError("parent is null", "resource://devtools/client/inspector/shared/style-change-tracker.js", 67))
TypeError: parent is null: canMutationImpactCurrentStyles@resource://devtools/client/inspector/shared/style-change-tracker.js:67:24
onMutations@resource://devtools/client/inspector/shared/style-change-tracker.js:84:41
_emit@resource://devtools/shared/event-emitter.js:226:34
emit@resource://devtools/shared/event-emitter.js:172:18
emit@resource://devtools/shared/event-emitter.js:324:18
getMutations@resource://devtools/client/fronts/walker.js:358:10

console.error: (new TypeError("container.node.targetFront is null", "resource://devtools/client/inspector/markup/markup.js", 2310))
console.error: (new TypeError("container.node.targetFront is null", "resource://devtools/client/inspector/markup/markup.js", 2310))
console.error: "Error while calling actor 'pagestyle's method 'getLayout'" "node is null"
console.error: (new TypeError("node is null", "resource://devtools/server/actors/page-style.js", 1001))
console.error: (new Error("Protocol e1628783298722	Marionette	INFO	Stopped listening on port 8019

###!!! [Child][RunMessage] Error: Channel closing: too late to send/recv, messages will be lost

[Parent 1612, IPC I/O Parent] WARNING: pipe error: 232: file /builds/worker/checkouts/gecko/ipc/chromium/src/chrome/common/ipc_channel_win.cc:544
Files\\Mozilla Firefox\\firefox.exe" "--marionette" "-foreground" "-no-remote" "-profile" "C:\\Users\\aliakbar\\AppData\\Local\\Temp\\rust_mozp1628783298355	1628783301446	Marionette	INFO	Marionette enabled
console.warn: SearchSettings: "get: No settings file exists, new profile?" (new NotFoundError("Could not open the file at C:\\Users\\aliakbar\\AppData\\Local\\Temp\\rust_mozprofile5Vl4Gi\\search.json.mozlz4", (void 0)))
1628783310503	Marionette	INFO	Listening on port 8156
1628783311091	Marionette	WARN	TLS certificate errors will be ignored for this session
JavaScript warning: https://web.whatsapp.com/bootstrap_qr.bc386689689a4903e068.js, line 29: unreachable code after return statement
JavaScript warning: https://web.whatsapp.com/bootstrap_qr.bc386689689a4903e068.js, line 29: unreachable code after return statement
1628783366308	Marionette	INFO	Stopped listening on port 8156
8783363697	mozrunner::runner	INFO	Running command: "C:\\Program Files\\Mozilla Firefox\\firefox.exe" "--marionette" "-foreground" "-no-remote" "-profile" "C:\\Users\\aliakbar\\AppData\\Local\\Temp\\rust_mozprofilelJUY7T"
1628783364390	Marionette	INFO	Marionette enabled
console.warn: SearchSettings: "get: No settings file exists, new profile?" (new NotFoundError("Could not open the file at C:\\Users\\aliakbar\\AppData\\Local\\Temp\\rust_mozprofilelJUY7T\\search.json.mozlz4", (void 0)))
1628783367838	Marionette	INFO	Listening on port 8255
1628783368815	Marionette	WARN	TLS certificate errors will be ignored for this session
JavaScript warning: https://web.whatsapp.com/bootstrap_qr.bc386689689a4903e068.js, line 29: unreachable code after return statement
JavaScript warning: https://web.whatsapp.com/bootstrap_qr.bc386689689a4903e068.js, line 29: unreachable code after return statement
[Parent 2900, IPC I/O Parent] WARNING: pipe error: 232: file /builds/worker/checkouts/gecko/ipc/chromium/src/chrome/common/ipc_channel_win.cc:544
Handler function threw an exception: [Exception... "Component returned failure code: 0x80040111 (NS_ERROR_NOT_AVAILABLE) [nsIHttpChannelInternal.remoteAddress]"  nsresult: "0x80040111 (NS_ERROR_NOT_AVAILABLE)"  location: "JS frame :: resource://devtools/server/actors/network-monitor/network-observer.js :: _onResponseHeader :: line 1043"  data: no]
Stack: _onResponseHeader@resource://devtools/server/actors/network-monitor/network-observer.js:1043:5
_dispatchActivity@resource://devtools/server/actors/network-monitor/network-observer.js:620:14
NetworkObserver.prototype.observeActivity<@resource://devtools/server/actors/network-monitor/network-observer.js:729:12
exports.makeInfallible/<@resource://devtools/shared/ThreadSafeDevToolsUtils.js:103:22
Line: 1043, column: 0
console.error: ({})
Handler function threw an exception: TypeError: undefined has no properties
Stack: _getWaitTiming@resource://devtools/server/actors/network-monitor/network-observer.js:1142:1
_setupHarTimings@resource://devtools/server/actors/network-monitor/network-observer.js:1367:28
_onTransactionClose@resource://devtools/server/actors/network-monitor/network-observer.js:1090:27
_dispatchActivity@resource://devtools/server/actors/network-monitor/network-observer.js:623:14
NetworkObserver.prototype.observeActivity<@resource://devtools/server/actors/network-monitor/network-observer.js:729:12
exports.makeInfallible/<@resource://devtools/shared/ThreadSafeDevToolsUtils.js:103:22
Line: 1142, column: 1
console.error: (new TypeError("undefined has no properties", "resource://devtools/server/actors/network-monitor/network-observer.js", 1142))

###!!! [Child][RunMessage] Error: Channel closing: too la1628783582734	mozrunner::runner	INFO	Running command: "C:\\Program Files\\Mozilla Firefox\\firefox.exe" "--marionette" "-foreground" "-no-remote" "-profile" "C:\\Users\\aliakbar\\AppData\\Local\\Temp\\rust_mozprofileDPbcdf"
1628783586008	Marionette	INFO	Marionette enabled
console.warn: SearchSettings: "get: No settings file exists, new profile?" (new NotFoundError("Could not open the file at C:\\Users\\aliakbar\\AppData\\Local\\Temp\\rust_mozprofileDPbcdf\\search.json.mozlz4", (void 0)))
1628783590494	Marionette	INFO	Listening on port 8414
1628783591331	Marionette	WARN	TLS certificate errors will be ignored for this session
JavaScript warning: https://web.whatsapp.com/bootstrap_qr.bc386689689a4903e068.js, line 29: unreachable code after return statement
JavaScript warning: https://web.whatsapp.com/bootstrap_qr.bc386689689a4903e068.js, line 29: unreachable code after return statement
1628783651477	Marionette	INFO	Stopped listening on port 8414
